Starter full import av historiske data: 2026-01-25 18:52:54.982447
================================================================================
Henter eksisterende resultater...
  Hentet 50000 resultater...
  Hentet 100000 resultater...
  Hentet 150000 resultater...
  Hentet 200000 resultater...
  Hentet 250000 resultater...
  Hentet 300000 resultater...
  Hentet 350000 resultater...
  Hentet 400000 resultater...
  Hentet 450000 resultater...
  Hentet 500000 resultater...
  Hentet 550000 resultater...
  Hentet 600000 resultater...
  Hentet 650000 resultater...
  Hentet 700000 resultater...
  Hentet 750000 resultater...
  Hentet 800000 resultater...
  Hentet 850000 resultater...
  Hentet 900000 resultater...
  Hentet 950000 resultater...
  Hentet 1000000 resultater...
  Hentet 1050000 resultater...
  Hentet 1100000 resultater...
Fant 694613 eksisterende resultater

Importerer 134740 historiske resultater...
  Prosessert 5000/134740 - Importert: 1484, Hoppet over: 3492
  Prosessert 10000/134740 - Importert: 3472, Hoppet over: 6479
  Prosessert 15000/134740 - Importert: 5228, Hoppet over: 9682
  Prosessert 20000/134740 - Importert: 7520, Hoppet over: 12366
  Prosessert 25000/134740 - Importert: 10792, Hoppet over: 14084
  Prosessert 30000/134740 - Importert: 13942, Hoppet over: 15881
  Prosessert 35000/134740 - Importert: 16055, Hoppet over: 18752
  Prosessert 40000/134740 - Importert: 17723, Hoppet over: 22067
  Prosessert 45000/134740 - Importert: 19830, Hoppet over: 24830
Traceback (most recent call last):
  File "/Users/atleguttormsen/Dropbox/Aktuelt1/Florida25/Statistikk/scraper/venv/lib/python3.13/site-packages/httpx/_transports/default.py", line 101, in map_httpcore_exceptions
    yield
  File "/Users/atleguttormsen/Dropbox/Aktuelt1/Florida25/Statistikk/scraper/venv/lib/python3.13/site-packages/httpx/_transports/default.py", line 250, in handle_request
    resp = self._pool.handle_request(req)
  File "/Users/atleguttormsen/Dropbox/Aktuelt1/Florida25/Statistikk/scraper/venv/lib/python3.13/site-packages/httpcore/_sync/connection_pool.py", line 256, in handle_request
    raise exc from None
  File "/Users/atleguttormsen/Dropbox/Aktuelt1/Florida25/Statistikk/scraper/venv/lib/python3.13/site-packages/httpcore/_sync/connection_pool.py", line 236, in handle_request
    response = connection.handle_request(
        pool_request.request
    )
  File "/Users/atleguttormsen/Dropbox/Aktuelt1/Florida25/Statistikk/scraper/venv/lib/python3.13/site-packages/httpcore/_sync/connection.py", line 103, in handle_request
    return self._connection.handle_request(request)
           ~~~~~~~~~~~~~~~~~~~~~~~~~~~~~~~^^^^^^^^^
  File "/Users/atleguttormsen/Dropbox/Aktuelt1/Florida25/Statistikk/scraper/venv/lib/python3.13/site-packages/httpcore/_sync/http2.py", line 187, in handle_request
    raise exc
  File "/Users/atleguttormsen/Dropbox/Aktuelt1/Florida25/Statistikk/scraper/venv/lib/python3.13/site-packages/httpcore/_sync/http2.py", line 150, in handle_request
    status, headers = self._receive_response(
                      ~~~~~~~~~~~~~~~~~~~~~~^
        request=request, stream_id=stream_id
        ^^^^^^^^^^^^^^^^^^^^^^^^^^^^^^^^^^^^
    )
    ^
  File "/Users/atleguttormsen/Dropbox/Aktuelt1/Florida25/Statistikk/scraper/venv/lib/python3.13/site-packages/httpcore/_sync/http2.py", line 294, in _receive_response
    event = self._receive_stream_event(request, stream_id)
  File "/Users/atleguttormsen/Dropbox/Aktuelt1/Florida25/Statistikk/scraper/venv/lib/python3.13/site-packages/httpcore/_sync/http2.py", line 336, in _receive_stream_event
    self._receive_events(request, stream_id)
    ~~~~~~~~~~~~~~~~~~~~^^^^^^^^^^^^^^^^^^^^
  File "/Users/atleguttormsen/Dropbox/Aktuelt1/Florida25/Statistikk/scraper/venv/lib/python3.13/site-packages/httpcore/_sync/http2.py", line 355, in _receive_events
    raise RemoteProtocolError(self._connection_terminated)
httpcore.RemoteProtocolError: <ConnectionTerminated error_code:0, last_stream_id:19999, additional_data:None>

The above exception was the direct cause of the following exception:

Traceback (most recent call last):
  File "/Users/atleguttormsen/Dropbox/Aktuelt1/Florida25/Statistikk/scraper/import_all_historical.py", line 173, in <module>
    athlete_id = get_athlete_id(name)
  File "/Users/atleguttormsen/Dropbox/Aktuelt1/Florida25/Statistikk/scraper/import_all_historical.py", line 43, in get_athlete_id
    athletes = supabase.table('athletes').select('id').eq('full_name', name).execute()
  File "/Users/atleguttormsen/Dropbox/Aktuelt1/Florida25/Statistikk/scraper/venv/lib/python3.13/site-packages/postgrest/_sync/request_builder.py", line 47, in execute
    r = self.request.send()
  File "/Users/atleguttormsen/Dropbox/Aktuelt1/Florida25/Statistikk/scraper/venv/lib/python3.13/site-packages/postgrest/base_request_builder.py", line 81, in send
    return self.session.request(
           ~~~~~~~~~~~~~~~~~~~~^
        self.http_method,
        ^^^^^^^^^^^^^^^^^
    ...<4 lines>...
        auth=self.auth,
        ^^^^^^^^^^^^^^^
    )
    ^
  File "/Users/atleguttormsen/Dropbox/Aktuelt1/Florida25/Statistikk/scraper/venv/lib/python3.13/site-packages/httpx/_client.py", line 825, in request
    return self.send(request, auth=auth, follow_redirects=follow_redirects)
           ~~~~~~~~~^^^^^^^^^^^^^^^^^^^^^^^^^^^^^^^^^^^^^^^^^^^^^^^^^^^^^^^
  File "/Users/atleguttormsen/Dropbox/Aktuelt1/Florida25/Statistikk/scraper/venv/lib/python3.13/site-packages/httpx/_client.py", line 914, in send
    response = self._send_handling_auth(
        request,
    ...<2 lines>...
        history=[],
    )
  File "/Users/atleguttormsen/Dropbox/Aktuelt1/Florida25/Statistikk/scraper/venv/lib/python3.13/site-packages/httpx/_client.py", line 942, in _send_handling_auth
    response = self._send_handling_redirects(
        request,
        follow_redirects=follow_redirects,
        history=history,
    )
  File "/Users/atleguttormsen/Dropbox/Aktuelt1/Florida25/Statistikk/scraper/venv/lib/python3.13/site-packages/httpx/_client.py", line 979, in _send_handling_redirects
    response = self._send_single_request(request)
  File "/Users/atleguttormsen/Dropbox/Aktuelt1/Florida25/Statistikk/scraper/venv/lib/python3.13/site-packages/httpx/_client.py", line 1014, in _send_single_request
    response = transport.handle_request(request)
  File "/Users/atleguttormsen/Dropbox/Aktuelt1/Florida25/Statistikk/scraper/venv/lib/python3.13/site-packages/httpx/_transports/default.py", line 249, in handle_request
    with map_httpcore_exceptions():
         ~~~~~~~~~~~~~~~~~~~~~~~^^
  File "/opt/homebrew/Cellar/python@3.13/3.13.7/Frameworks/Python.framework/Versions/3.13/lib/python3.13/contextlib.py", line 162, in __exit__
    self.gen.throw(value)
    ~~~~~~~~~~~~~~^^^^^^^
  File "/Users/atleguttormsen/Dropbox/Aktuelt1/Florida25/Statistikk/scraper/venv/lib/python3.13/site-packages/httpx/_transports/default.py", line 118, in map_httpcore_exceptions
    raise mapped_exc(message) from exc
httpx.RemoteProtocolError: <ConnectionTerminated error_code:0, last_stream_id:19999, additional_data:None>

================================================================================
Inkrementell import av nye stevner: 2026-01-26 17:42
================================================================================
Kilde: minfriidrettsstatistikk.info
Stevner scraped: 15 (fra 2025-12-15 til 2026-01-24)
Resultater importert: 722
Duplikater fjernet: 180

Stevner inkludert:
- Full Moon Jump (2026-01-24, Gøteborg/SWE)
- Vinthundsvintern och IDM (2026-01-24, Sollentuna/SWE)
- Cyclone Open (2026-01-23, Ames/IA/USA)
- BAUHAUS-galan Indoor (2026-01-22, Stockholm/SWE)
- Treningsstevne (2026-01-21, Bodø)
- Tampere Indoor Meeting (2026-01-21, Tampere/FIN)
- Seriestevne (2026-01-20, Tønsberg)
- Seriestevne 1 (2026-01-19, Tromsø)
- NM-UM mangekamp innendørs (2026-01-17, Bærum)
- Innlagte øvelser NM mangekamp (2026-01-17, Bærum)
- Meeting de Saut en Hauteur d'Hirson (2026-01-17, Hirson/FRA)
- Arkansas Invitational (2026-01-16, Fayetteville/AR/USA)
- Quality Hotel Games (2026-01-16, Växjö/SWE)
- Startskottet med iUDM 12-17 och HäcXksan (2026-01-09, Gøteborg/SWE)
- Hoppstevne (2025-12-31, Hvam)

Kommandoer brukt:
  python scrape_new_meets.py
  python import_scraped_results.py new_meets_data/new_results_20260126_171919.csv
